# JRE version: Java(TM) SE Runtime Environment 18.9 (11.0.15.1+2) (build 11.0.15.1+2-LTS-10)
# Java VM: Java HotSpot(TM) 64-Bit Server VM 18.9 (11.0.15.1+2-LTS-10, mixed mode, tiered, compressed oops, g1 gc, bsd-amd64)
Heap:
 garbage-first heap   total 262144K, used 21334K [0x0000000700000000, 0x0000000800000000)
  region size 1024K, 15 young (15360K), 6 survivors (6144K)
 Metaspace       used 31574K, capacity 32823K, committed 33152K, reserved 1077248K
  class space    used 4067K, capacity 4616K, committed 4736K, reserved 1048576K
GC Heap History (6 events):
Event: 1.382 GC heap before
{Heap before GC invocations=0 (full 0):
 garbage-first heap   total 262144K, used 23552K [0x0000000700000000, 0x0000000800000000)
  region size 1024K, 24 young (24576K), 0 survivors (0K)
 Metaspace       used 14100K, capacity 14434K, committed 14848K, reserved 1062912K
  class space    used 1372K, capacity 1514K, committed 1536K, reserved 1048576K
}
Event: 1.393 GC heap after
{Heap after GC invocations=1 (full 0):
 garbage-first heap   total 262144K, used 5330K [0x0000000700000000, 0x0000000800000000)
  region size 1024K, 3 young (3072K), 3 survivors (3072K)
 Metaspace       used 14100K, capacity 14434K, committed 14848K, reserved 1062912K
  class space    used 1372K, capacity 1514K, committed 1536K, reserved 1048576K
}
Event: 1.898 GC heap before
{Heap before GC invocations=1 (full 0):
 garbage-first heap   total 262144K, used 25810K [0x0000000700000000, 0x0000000800000000)
  region size 1024K, 24 young (24576K), 3 survivors (3072K)
 Metaspace       used 20620K, capacity 21079K, committed 21248K, reserved 1069056K
  class space    used 2270K, capacity 2489K, committed 2560K, reserved 1048576K
}
Event: 1.907 GC heap after
{Heap after GC invocations=2 (full 0):
 garbage-first heap   total 262144K, used 7026K [0x0000000700000000, 0x0000000800000000)
  region size 1024K, 5 young (5120K), 5 survivors (5120K)
 Metaspace       used 20620K, capacity 21079K, committed 21248K, reserved 1069056K
  class space    used 2270K, capacity 2489K, committed 2560K, reserved 1048576K
}
Event: 3.553 GC heap before
{Heap before GC invocations=3 (full 0):
 garbage-first heap   total 262144K, used 49010K [0x0000000700000000, 0x0000000800000000)
  region size 1024K, 46 young (47104K), 5 survivors (5120K)
 Metaspace       used 29885K, capacity 31078K, committed 31360K, reserved 1077248K
  class space    used 3874K, capacity 4359K, committed 4480K, reserved 1048576K
}
Event: 3.577 GC heap after
{Heap after GC invocations=4 (full 0):
 garbage-first heap   total 262144K, used 12118K [0x0000000700000000, 0x0000000800000000)
  region size 1024K, 6 young (6144K), 6 survivors (6144K)
 Metaspace       used 29885K, capacity 31078K, committed 31360K, reserved 1077248K
  class space    used 3874K, capacity 4359K, committed 4480K, reserved 1048576K
}

